C:\Program Files\Microsoft Visual Studio\2022\Community\MSBuild\Microsoft\VC\v170\Microsoft.CppBuild.targets(503,5): warning MSB8004: Output Directory does not end with a trailing slash.  This build instance will add the slash as it is required to allow proper evaluation of the Output Directory.
  g_cmds.c
C:\Users\mattb\OneDrive\Documents\Fall Semester 2022\IT 266\quake2-full-master\game\g_cmds.c(34,2): warning C4996: 'strcpy': This function or variable may be unsafe. Consider using strcpy_s instead. To disable deprecation, use _CRT_SECURE_NO_WARNINGS. See online help for details.
C:\Users\mattb\OneDrive\Documents\Fall Semester 2022\IT 266\quake2-full-master\game\g_cmds.c(57,2): warning C4996: 'strcpy': This function or variable may be unsafe. Consider using strcpy_s instead. To disable deprecation, use _CRT_SECURE_NO_WARNINGS. See online help for details.
C:\Users\mattb\OneDrive\Documents\Fall Semester 2022\IT 266\quake2-full-master\game\g_cmds.c(58,2): warning C4996: 'strcpy': This function or variable may be unsafe. Consider using strcpy_s instead. To disable deprecation, use _CRT_SECURE_NO_WARNINGS. See online help for details.
C:\Users\mattb\OneDrive\Documents\Fall Semester 2022\IT 266\quake2-full-master\game\g_cmds.c(304,29): warning C4100: 'ent': unreferenced formal parameter
C:\Users\mattb\OneDrive\Documents\Fall Semester 2022\IT 266\quake2-full-master\game\g_cmds.c(737,4): warning C4996: 'strcat': This function or variable may be unsafe. Consider using strcat_s instead. To disable deprecation, use _CRT_SECURE_NO_WARNINGS. See online help for details.
C:\Users\mattb\OneDrive\Documents\Fall Semester 2022\IT 266\quake2-full-master\game\g_cmds.c(740,3): warning C4996: 'strcat': This function or variable may be unsafe. Consider using strcat_s instead. To disable deprecation, use _CRT_SECURE_NO_WARNINGS. See online help for details.
C:\Users\mattb\OneDrive\Documents\Fall Semester 2022\IT 266\quake2-full-master\game\g_cmds.c(823,3): warning C4996: 'strcat': This function or variable may be unsafe. Consider using strcat_s instead. To disable deprecation, use _CRT_SECURE_NO_WARNINGS. See online help for details.
C:\Users\mattb\OneDrive\Documents\Fall Semester 2022\IT 266\quake2-full-master\game\g_cmds.c(824,3): warning C4996: 'strcat': This function or variable may be unsafe. Consider using strcat_s instead. To disable deprecation, use _CRT_SECURE_NO_WARNINGS. See online help for details.
C:\Users\mattb\OneDrive\Documents\Fall Semester 2022\IT 266\quake2-full-master\game\g_cmds.c(825,3): warning C4996: 'strcat': This function or variable may be unsafe. Consider using strcat_s instead. To disable deprecation, use _CRT_SECURE_NO_WARNINGS. See online help for details.
C:\Users\mattb\OneDrive\Documents\Fall Semester 2022\IT 266\quake2-full-master\game\g_cmds.c(836,3): warning C4996: 'strcat': This function or variable may be unsafe. Consider using strcat_s instead. To disable deprecation, use _CRT_SECURE_NO_WARNINGS. See online help for details.
C:\Users\mattb\OneDrive\Documents\Fall Semester 2022\IT 266\quake2-full-master\game\g_cmds.c(843,2): warning C4996: 'strcat': This function or variable may be unsafe. Consider using strcat_s instead. To disable deprecation, use _CRT_SECURE_NO_WARNINGS. See online help for details.
C:\Users\mattb\OneDrive\Documents\Fall Semester 2022\IT 266\quake2-full-master\game\g_cmds.c(890,7): warning C4459: declaration of 'st' hides global declaration
C:\Users\mattb\OneDrive\Documents\Fall Semester 2022\IT 266\quake2-full-master\game\g_local.h(456,21): message : see declaration of 'st'
C:\Users\mattb\OneDrive\Documents\Fall Semester 2022\IT 266\quake2-full-master\game\g_cmds.c(912,3): warning C4996: 'strcat': This function or variable may be unsafe. Consider using strcat_s instead. To disable deprecation, use _CRT_SECURE_NO_WARNINGS. See online help for details.
C:\Users\mattb\OneDrive\Documents\Fall Semester 2022\IT 266\quake2-full-master\game\g_cmds.c(900,3): warning C4996: 'sprintf': This function or variable may be unsafe. Consider using sprintf_s instead. To disable deprecation, use _CRT_SECURE_NO_WARNINGS. See online help for details.
C:\Users\mattb\OneDrive\Documents\Fall Semester 2022\IT 266\quake2-full-master\game\g_cmds.c(908,4): warning C4996: 'sprintf': This function or variable may be unsafe. Consider using sprintf_s instead. To disable deprecation, use _CRT_SECURE_NO_WARNINGS. See online help for details.
     Creating library .\..\release\gamex86.lib and object .\..\release\gamex86.exp
  game.vcxproj -> C:\Users\mattb\OneDrive\Documents\Fall Semester 2022\IT 266\quake2-full-master\game\release\gamex86.dll
